2018-11-19 13:40:26,154 INFO duplicates-checksum-log [main] 
Duplicate 1
C:\Users\ilyamakhon\Downloads\Скруджи feat. Павел Мурашов-Пьяный-kissvk.com (1).mp3
C:\Users\ilyamakhon\Downloads\Скруджи feat. Павел Мурашов-Пьяный-kissvk.com.mp3

Duplicate 2
C:\Users\ilyamakhon\Downloads\Скриптонит-Положение-kissvk.com (1).mp3
C:\Users\ilyamakhon\Downloads\Скриптонит-Положение-kissvk.com.mp3

Duplicate 3
C:\Users\ilyamakhon\Downloads\Скриптонит-Первый -ft. Баста--kissvk.com (1).mp3
C:\Users\ilyamakhon\Downloads\Скриптонит-Первый -ft. Баста--kissvk.com.mp3

Duplicate 4
C:\Users\ilyamakhon\Downloads\B.o.B ft. 2 Chainz-Headband-kissvk.com (1).mp3
C:\Users\ilyamakhon\Downloads\B.o.B ft. 2 Chainz-Headband-kissvk.com.mp3

2018-11-19 13:41:50,489 INFO duplicates-checksum-log [main] 
Duplicate 1
C:\Users\ilyamakhon\Downloads\Скруджи feat. Павел Мурашов-Пьяный-kissvk.com (1).mp3
C:\Users\ilyamakhon\Downloads\Скруджи feat. Павел Мурашов-Пьяный-kissvk.com.mp3

Duplicate 2
C:\Users\ilyamakhon\Downloads\Скриптонит-Положение-kissvk.com (1).mp3
C:\Users\ilyamakhon\Downloads\Скриптонит-Положение-kissvk.com.mp3

Duplicate 3
C:\Users\ilyamakhon\Downloads\Скриптонит-Первый -ft. Баста--kissvk.com (1).mp3
C:\Users\ilyamakhon\Downloads\Скриптонит-Первый -ft. Баста--kissvk.com.mp3

Duplicate 4
C:\Users\ilyamakhon\Downloads\B.o.B ft. 2 Chainz-Headband-kissvk.com (1).mp3
C:\Users\ilyamakhon\Downloads\B.o.B ft. 2 Chainz-Headband-kissvk.com.mp3

2018-11-19 13:42:20,495 INFO duplicates-checksum-log [main] 
Duplicate 1
C:\Users\ilyamakhon\Downloads\Скруджи feat. Павел Мурашов-Пьяный-kissvk.com (1).mp3
C:\Users\ilyamakhon\Downloads\Скруджи feat. Павел Мурашов-Пьяный-kissvk.com.mp3

Duplicate 2
C:\Users\ilyamakhon\Downloads\Скриптонит-Положение-kissvk.com (1).mp3
C:\Users\ilyamakhon\Downloads\Скриптонит-Положение-kissvk.com.mp3

Duplicate 3
C:\Users\ilyamakhon\Downloads\Скриптонит-Первый -ft. Баста--kissvk.com (1).mp3
C:\Users\ilyamakhon\Downloads\Скриптонит-Первый -ft. Баста--kissvk.com.mp3

Duplicate 4
C:\Users\ilyamakhon\Downloads\B.o.B ft. 2 Chainz-Headband-kissvk.com (1).mp3
C:\Users\ilyamakhon\Downloads\B.o.B ft. 2 Chainz-Headband-kissvk.com.mp3

2018-11-19 13:42:31,583 INFO duplicates-checksum-log [main] 
Duplicate 1
C:\Users\ilyamakhon\Downloads\Скруджи feat. Павел Мурашов-Пьяный-kissvk.com (1).mp3
C:\Users\ilyamakhon\Downloads\Скруджи feat. Павел Мурашов-Пьяный-kissvk.com.mp3

Duplicate 2
C:\Users\ilyamakhon\Downloads\Скриптонит-Положение-kissvk.com (1).mp3
C:\Users\ilyamakhon\Downloads\Скриптонит-Положение-kissvk.com.mp3

Duplicate 3
C:\Users\ilyamakhon\Downloads\Скриптонит-Первый -ft. Баста--kissvk.com (1).mp3
C:\Users\ilyamakhon\Downloads\Скриптонит-Первый -ft. Баста--kissvk.com.mp3

Duplicate 4
C:\Users\ilyamakhon\Downloads\B.o.B ft. 2 Chainz-Headband-kissvk.com (1).mp3
C:\Users\ilyamakhon\Downloads\B.o.B ft. 2 Chainz-Headband-kissvk.com.mp3

