2018-11-19 13:40:26,157 INFO duplicates-log [main] 
Artist: Unknown Artist Album: Unknown Album Song: Unknown Song
C:\Users\ilyamakhon\Downloads\50 Cent -Too Rich for the Bitch -kissvk.com.mp3
C:\Users\ilyamakhon\Downloads\50 Cent-Im The Man-kissvk.com.mp3
C:\Users\ilyamakhon\Downloads\B.o.B ft. 2 Chainz-Headband-kissvk.com (1).mp3
C:\Users\ilyamakhon\Downloads\B.o.B ft. 2 Chainz-Headband-kissvk.com.mp3
C:\Users\ilyamakhon\Downloads\Jean du Voyage feat. ISLA-Om-kissvk.com.mp3
C:\Users\ilyamakhon\Downloads\Jean du Voyage-Maya-kissvk.com.mp3
C:\Users\ilyamakhon\Downloads\БИ-2-Реки любви-kissvk.com.mp3
C:\Users\ilyamakhon\Downloads\ГОНЩИК НЕЛЕГАЛЬНЫЙ-ПРОФЕССИОНАЛЬНЫЙ-kissvk.com.mp3
C:\Users\ilyamakhon\Downloads\Гуф-Жизнь чудесна-kissvk.com.mp3
C:\Users\ilyamakhon\Downloads\Иоганн Себастьян Бах-BWV 1065 - Концерт для четырёх фортепиано с оркестром ля-минор- 3.Allegro-kissvk.com.mp3
C:\Users\ilyamakhon\Downloads\Скриптонит-Первый -ft. Баста--kissvk.com (1).mp3
C:\Users\ilyamakhon\Downloads\Скриптонит-Первый -ft. Баста--kissvk.com.mp3
C:\Users\ilyamakhon\Downloads\Скриптонит-Положение-kissvk.com (1).mp3
C:\Users\ilyamakhon\Downloads\Скриптонит-Положение-kissvk.com.mp3
C:\Users\ilyamakhon\Downloads\Скруджи feat. Павел Мурашов-Пьяный-kissvk.com (1).mp3
C:\Users\ilyamakhon\Downloads\Скруджи feat. Павел Мурашов-Пьяный-kissvk.com.mp3
C:\Users\ilyamakhon\Downloads\Чарльз Ависон -Concerto grosso №5 -по сонатам Доменико Скарлатти--kissvk.com.mp3

2018-11-19 13:41:50,491 INFO duplicates-log [main] 
Artist: Unknown Artist| Album: Unknown Album| Song: Unknown Song
C:\Users\ilyamakhon\Downloads\50 Cent -Too Rich for the Bitch -kissvk.com.mp3
C:\Users\ilyamakhon\Downloads\50 Cent-Im The Man-kissvk.com.mp3
C:\Users\ilyamakhon\Downloads\B.o.B ft. 2 Chainz-Headband-kissvk.com (1).mp3
C:\Users\ilyamakhon\Downloads\B.o.B ft. 2 Chainz-Headband-kissvk.com.mp3
C:\Users\ilyamakhon\Downloads\Jean du Voyage feat. ISLA-Om-kissvk.com.mp3
C:\Users\ilyamakhon\Downloads\Jean du Voyage-Maya-kissvk.com.mp3
C:\Users\ilyamakhon\Downloads\БИ-2-Реки любви-kissvk.com.mp3
C:\Users\ilyamakhon\Downloads\ГОНЩИК НЕЛЕГАЛЬНЫЙ-ПРОФЕССИОНАЛЬНЫЙ-kissvk.com.mp3
C:\Users\ilyamakhon\Downloads\Гуф-Жизнь чудесна-kissvk.com.mp3
C:\Users\ilyamakhon\Downloads\Иоганн Себастьян Бах-BWV 1065 - Концерт для четырёх фортепиано с оркестром ля-минор- 3.Allegro-kissvk.com.mp3
C:\Users\ilyamakhon\Downloads\Скриптонит-Первый -ft. Баста--kissvk.com (1).mp3
C:\Users\ilyamakhon\Downloads\Скриптонит-Первый -ft. Баста--kissvk.com.mp3
C:\Users\ilyamakhon\Downloads\Скриптонит-Положение-kissvk.com (1).mp3
C:\Users\ilyamakhon\Downloads\Скриптонит-Положение-kissvk.com.mp3
C:\Users\ilyamakhon\Downloads\Скруджи feat. Павел Мурашов-Пьяный-kissvk.com (1).mp3
C:\Users\ilyamakhon\Downloads\Скруджи feat. Павел Мурашов-Пьяный-kissvk.com.mp3
C:\Users\ilyamakhon\Downloads\Чарльз Ависон -Concerto grosso №5 -по сонатам Доменико Скарлатти--kissvk.com.mp3

2018-11-19 13:42:20,496 INFO duplicates-log [main] 
Artist: Unknown Artist| Album: Unknown Album| Song: Unknown Song
C:\Users\ilyamakhon\Downloads\50 Cent -Too Rich for the Bitch -kissvk.com.mp3
C:\Users\ilyamakhon\Downloads\50 Cent-Im The Man-kissvk.com.mp3
C:\Users\ilyamakhon\Downloads\B.o.B ft. 2 Chainz-Headband-kissvk.com (1).mp3
C:\Users\ilyamakhon\Downloads\B.o.B ft. 2 Chainz-Headband-kissvk.com.mp3
C:\Users\ilyamakhon\Downloads\Jean du Voyage feat. ISLA-Om-kissvk.com.mp3
C:\Users\ilyamakhon\Downloads\Jean du Voyage-Maya-kissvk.com.mp3
C:\Users\ilyamakhon\Downloads\БИ-2-Реки любви-kissvk.com.mp3
C:\Users\ilyamakhon\Downloads\ГОНЩИК НЕЛЕГАЛЬНЫЙ-ПРОФЕССИОНАЛЬНЫЙ-kissvk.com.mp3
C:\Users\ilyamakhon\Downloads\Гуф-Жизнь чудесна-kissvk.com.mp3
C:\Users\ilyamakhon\Downloads\Иоганн Себастьян Бах-BWV 1065 - Концерт для четырёх фортепиано с оркестром ля-минор- 3.Allegro-kissvk.com.mp3
C:\Users\ilyamakhon\Downloads\Скриптонит-Первый -ft. Баста--kissvk.com (1).mp3
C:\Users\ilyamakhon\Downloads\Скриптонит-Первый -ft. Баста--kissvk.com.mp3
C:\Users\ilyamakhon\Downloads\Скриптонит-Положение-kissvk.com (1).mp3
C:\Users\ilyamakhon\Downloads\Скриптонит-Положение-kissvk.com.mp3
C:\Users\ilyamakhon\Downloads\Скруджи feat. Павел Мурашов-Пьяный-kissvk.com (1).mp3
C:\Users\ilyamakhon\Downloads\Скруджи feat. Павел Мурашов-Пьяный-kissvk.com.mp3
C:\Users\ilyamakhon\Downloads\Чарльз Ависон -Concerto grosso №5 -по сонатам Доменико Скарлатти--kissvk.com.mp3

2018-11-19 13:42:31,585 INFO duplicates-log [main] 
Artist: Unknown Artist| Album: Unknown Album| Song: Unknown Song
C:\Users\ilyamakhon\Downloads\50 Cent -Too Rich for the Bitch -kissvk.com.mp3
C:\Users\ilyamakhon\Downloads\50 Cent-Im The Man-kissvk.com.mp3
C:\Users\ilyamakhon\Downloads\B.o.B ft. 2 Chainz-Headband-kissvk.com (1).mp3
C:\Users\ilyamakhon\Downloads\B.o.B ft. 2 Chainz-Headband-kissvk.com.mp3
C:\Users\ilyamakhon\Downloads\Jean du Voyage feat. ISLA-Om-kissvk.com.mp3
C:\Users\ilyamakhon\Downloads\Jean du Voyage-Maya-kissvk.com.mp3
C:\Users\ilyamakhon\Downloads\БИ-2-Реки любви-kissvk.com.mp3
C:\Users\ilyamakhon\Downloads\ГОНЩИК НЕЛЕГАЛЬНЫЙ-ПРОФЕССИОНАЛЬНЫЙ-kissvk.com.mp3
C:\Users\ilyamakhon\Downloads\Гуф-Жизнь чудесна-kissvk.com.mp3
C:\Users\ilyamakhon\Downloads\Иоганн Себастьян Бах-BWV 1065 - Концерт для четырёх фортепиано с оркестром ля-минор- 3.Allegro-kissvk.com.mp3
C:\Users\ilyamakhon\Downloads\Скриптонит-Первый -ft. Баста--kissvk.com (1).mp3
C:\Users\ilyamakhon\Downloads\Скриптонит-Первый -ft. Баста--kissvk.com.mp3
C:\Users\ilyamakhon\Downloads\Скриптонит-Положение-kissvk.com (1).mp3
C:\Users\ilyamakhon\Downloads\Скриптонит-Положение-kissvk.com.mp3
C:\Users\ilyamakhon\Downloads\Скруджи feat. Павел Мурашов-Пьяный-kissvk.com (1).mp3
C:\Users\ilyamakhon\Downloads\Скруджи feat. Павел Мурашов-Пьяный-kissvk.com.mp3
C:\Users\ilyamakhon\Downloads\Чарльз Ависон -Concerto grosso №5 -по сонатам Доменико Скарлатти--kissvk.com.mp3

